<?xml version="1.0" encoding="UTF-8"?>
<coverage generated="1743423272680" clover="3.2.0">
  <project timestamp="1743423272680" name="All files">
    <metrics statements="10" coveredstatements="9" conditionals="0" coveredconditionals="0" methods="1" coveredmethods="1" elements="11" coveredelements="10" complexity="0" loc="10" ncloc="10" packages="1" files="1" classes="1"/>
    <file name="mailer.js" path="C:\Users\Dylan\Documents\INSSET\MasterCCM\notification\src\mailer.js">
      <metrics statements="10" coveredstatements="9" conditionals="0" coveredconditionals="0" methods="1" coveredmethods="1"/>
      <line num="1" count="1" type="stmt"/>
      <line num="2" count="1" type="stmt"/>
      <line num="4" count="1" type="stmt"/>
      <line num="13" count="1" type="stmt"/>
      <line num="14" count="1" type="stmt"/>
      <line num="15" count="1" type="stmt"/>
      <line num="23" count="1" type="stmt"/>
      <line num="24" count="1" type="stmt"/>
      <line num="26" count="0" type="stmt"/>
      <line num="30" count="1" type="stmt"/>
    </file>
  </project>
</coverage>
