{"C:\\Users\\Dylan\\Documents\\INSSET\\MasterCCM\\notification\\src\\mailer.js": {"path":"C:\\Users\\Dylan\\Documents\\INSSET\\MasterCCM\\notification\\src\\mailer.js","statementMap":{"0":{"start":{"line":1,"column":0},"end":{"line":1,"column":27}},"1":{"start":{"line":2,"column":19},"end":{"line":2,"column":40}},"2":{"start":{"line":4,"column":20},"end":{"line":11,"column":2}},"3":{"start":{"line":13,"column":18},"end":{"line":28,"column":1}},"4":{"start":{"line":14,"column":2},"end":{"line":27,"column":3}},"5":{"start":{"line":15,"column":24},"end":{"line":21,"column":5}},"6":{"start":{"line":23,"column":17},"end":{"line":23,"column":56}},"7":{"start":{"line":24,"column":4},"end":{"line":24,"column":56}},"8":{"start":{"line":26,"column":4},"end":{"line":26,"column":37}},"9":{"start":{"line":30,"column":0},"end":{"line":30,"column":27}}},"fnMap":{"0":{"name":"(anonymous_0)","decl":{"start":{"line":13,"column":18},"end":{"line":13,"column":19}},"loc":{"start":{"line":13,"column":53},"end":{"line":28,"column":1}},"line":13}},"branchMap":{},"s":{"0":1,"1":1,"2":1,"3":1,"4":2,"5":2,"6":2,"7":0,"8":0,"9":1},"f":{"0":2},"b":{},"inputSourceMap":null,"_coverageSchema":"1a1c01bbd47fc00a2c39e90264f33305004495a9","hash":"3d2aa8b18f2bf5050cc9567f93db9f048b1ed4c9"}
}
