{"C:\\Users\\Dylan\\Documents\\INSSET\\MasterCCM\\notification\\src\\mailer.ts": {"path":"C:\\Users\\Dylan\\Documents\\INSSET\\MasterCCM\\notification\\src\\mailer.ts","statementMap":{"0":{"start":{"line":1,"column":0},"end":{"line":1,"column":28}},"1":{"start":{"line":2,"column":0},"end":{"line":2,"column":53}},"2":{"start":{"line":5,"column":0},"end":{"line":5,"column":16}},"3":{"start":{"line":8,"column":33},"end":{"line":15,"column":2}},"4":{"start":{"line":32,"column":25},"end":{"line":56,"column":2}},"5":{"start":{"line":37,"column":28},"end":{"line":56,"column":2}},"6":{"start":{"line":38,"column":2},"end":{"line":55,"column":3}},"7":{"start":{"line":39,"column":24},"end":{"line":45,"column":6}},"8":{"start":{"line":48,"column":17},"end":{"line":48,"column":56}},"9":{"start":{"line":51,"column":4},"end":{"line":51,"column":56}},"10":{"start":{"line":54,"column":4},"end":{"line":54,"column":37}},"11":{"start":{"line":32,"column":13},"end":{"line":32,"column":25}}},"fnMap":{"0":{"name":"(anonymous_8)","decl":{"start":{"line":32,"column":25},"end":{"line":32,"column":null}},"loc":{"start":{"line":37,"column":28},"end":{"line":56,"column":2}}},"1":{"name":"(anonymous_9)","decl":{"start":{"line":37,"column":28},"end":{"line":37,"column":null}},"loc":{"start":{"line":37,"column":28},"end":{"line":56,"column":1}}}},"branchMap":{},"s":{"0":1,"1":1,"2":1,"3":1,"4":1,"5":1,"6":1,"7":1,"8":1,"9":0,"10":1,"11":1},"f":{"0":1,"1":1},"b":{}}
}
